<?xml version="1.0" encoding="UTF-8"?>
<!-- Generated by org.testng.reporters.JUnitXMLReporter -->
<testsuite hostname="DESKTOP-VUBNO9V" ignored="0" name="Default test" tests="3" failures="0" timestamp="11 Nov 2020 17:07:54 GMT" time="5.622" errors="0">
  <testcase name="getUserDetails" time="2.276" classname="RestAssuredTesting.RestAssuredTesting.get_RequestTest"/>
  <testcase name="postUserDetails" time="1.532" classname="RestAssuredTesting.RestAssuredTesting.post_RequestTest"/>
  <testcase name="getUserDetails" time="1.8" classname="RestAssuredTesting.RestAssuredTesting.get_Requestv2"/>
</testsuite> <!-- Default test -->
